2020.10.28 09:05:08 INFO  started: Metals version 0.9.4 in workspace 'C:\Users\rjds_\Documents\GitHub\BigData' for client vscode.
2020.10.28 09:05:09 INFO  time: initialize in 0.78s
2020.10.28 09:05:10 WARN  no build tool detected in workspace 'C:\Users\rjds_\Documents\GitHub\BigData'. The most common cause for this problem is that the editor was opened in the wrong working directory, for example if you use sbt then the workspace directory should contain build.sbt. 
2020.10.28 09:05:13 INFO  no build target: using presentation compiler with only scala-library
2020.10.28 09:05:13 WARN  no build target for: C:\Users\rjds_\Documents\GitHub\BigData\Evaluations\firstevaluation.scala
2020.10.28 09:07:33 WARN  no build tool detected in workspace 'C:\Users\rjds_\Documents\GitHub\BigData'. The most common cause for this problem is that the editor was opened in the wrong working directory, for example if you use sbt then the workspace directory should contain build.sbt. 
2020.10.28 09:07:33 WARN  no build tool detected in workspace 'C:\Users\rjds_\Documents\GitHub\BigData'. The most common cause for this problem is that the editor was opened in the wrong working directory, for example if you use sbt then the workspace directory should contain build.sbt. 
2020.10.28 09:07:34 WARN  no build tool detected in workspace 'C:\Users\rjds_\Documents\GitHub\BigData'. The most common cause for this problem is that the editor was opened in the wrong working directory, for example if you use sbt then the workspace directory should contain build.sbt. 
oct 28, 2020 9:07:35 AM scala.meta.internal.pc.CompilerAccess retryWithCleanCompiler
INFO: compiler crashed due to an error in the Scala compiler, retrying with new compiler instance.
oct 28, 2020 9:07:35 AM scala.meta.internal.pc.CompilerAccess handleError
SEVERE: no context found for source-file:///C:/Users/rjds_/Documents/GitHub/BigData/Evaluations/firstevaluation.scala,line-1,offset=29
scala.reflect.internal.FatalError: no context found for source-file:///C:/Users/rjds_/Documents/GitHub/BigData/Evaluations/firstevaluation.scala,line-1,offset=29
	at scala.tools.nsc.interactive.CompilerControl.$anonfun$doLocateContext$1(CompilerControl.scala:100)
	at scala.tools.nsc.interactive.CompilerControl.doLocateContext(CompilerControl.scala:100)
	at scala.tools.nsc.interactive.CompilerControl.doLocateContext$(CompilerControl.scala:99)
	at scala.tools.nsc.interactive.Global.doLocateContext(Global.scala:113)
	at scala.meta.internal.pc.PcDefinitionProvider.definitionTypedTreeAt(PcDefinitionProvider.scala:102)
	at scala.meta.internal.pc.PcDefinitionProvider.definition(PcDefinitionProvider.scala:24)

2020.10.28 09:12:50 WARN  no build target for: C:\Users\rjds_\Downloads\Practice_3\Practice_3.scala
2020.10.28 09:13:02 WARN  no build target for: C:\Users\rjds_\Downloads\Practice_4\Practica1_Fibonacci.scala
2020.10.28 09:13:06 WARN  no build target for: C:\Users\rjds_\Downloads\Practice_4\Practica2_Fibonacci.scala
2020.10.28 09:13:07 WARN  no build target for: C:\Users\rjds_\Downloads\Practice_4\Practica3_Fibonacci.scala
2020.10.28 09:13:07 WARN  no build target for: C:\Users\rjds_\Downloads\Practice_4\Practica4_Fibonacci.scala
2020.10.28 09:13:10 WARN  no build target for: C:\Users\rjds_\Downloads\Practice_4\Practica5_Fibonacci.scala
2020.10.28 09:13:15 INFO  shutting down Metals
2020.10.28 10:24:07 INFO  started: Metals version 0.9.4 in workspace 'C:\Users\rjds_\Documents\GitHub\BigData' for client vscode.
2020.10.28 10:24:08 INFO  time: initialize in 0.48s
2020.10.28 10:24:09 WARN  no build tool detected in workspace 'C:\Users\rjds_\Documents\GitHub\BigData'. The most common cause for this problem is that the editor was opened in the wrong working directory, for example if you use sbt then the workspace directory should contain build.sbt. 
2020.10.28 10:24:12 INFO  no build target: using presentation compiler with only scala-library
2020.10.28 10:24:12 WARN  no build target for: C:\Users\rjds_\Documents\GitHub\BigData\Practices and homeworks\Practice 4\Practica2_Fibonacci.scala
2020.10.28 10:24:12 WARN  no build target for: C:\Users\rjds_\Downloads\Practica2_Fibonacci.scala
oct 28, 2020 10:24:12 AM org.eclipse.lsp4j.jsonrpc.RemoteEndpoint handleCancellation
WARNING: Unmatched cancel notification for request id 4
2020.10.28 10:24:22 WARN  no build target for: C:\Users\rjds_\Documents\GitHub\BigData\Practices and homeworks\Practice 4\Practica2_Fibonacci.scala
2020.10.28 10:24:26 WARN  no build target for: C:\Users\rjds_\Documents\GitHub\BigData\Practices and homeworks\Practice 4\Practica3_Fibonacci.scala
2020.10.28 10:24:30 WARN  no build target for: C:\Users\rjds_\Downloads\Practica3_Fibonacci.scala
2020.10.28 10:24:40 WARN  no build target for: C:\Users\rjds_\Documents\GitHub\BigData\Practices and homeworks\Practice 4\Practica4_Fibonacci.scala
2020.10.28 10:24:42 WARN  no build target for: C:\Users\rjds_\Downloads\Practica4_Fibonacci.scala
2020.10.28 10:24:46 WARN  no build target for: C:\Users\rjds_\Downloads\Practica5_Fibonacci.scala
2020.10.28 10:24:53 WARN  no build target for: C:\Users\rjds_\Documents\GitHub\BigData\Practices and homeworks\Practice 4\Practica5_Fibonacci.scala
2020.10.28 10:25:03 WARN  no build target for: C:\Users\rjds_\Documents\GitHub\BigData\Practices and homeworks\Practice 5\Practice_5.scala
2020.10.28 10:25:14 WARN  no build target for: C:\Users\rjds_\Downloads\Practice_5\Practice_5.scala
2020.10.28 10:25:40 WARN  no build target for: C:\Users\rjds_\Documents\GitHub\BigData\Practices and homeworks\Practice 3\Practice_3.scala
oct 28, 2020 10:25:54 AM org.eclipse.lsp4j.jsonrpc.RemoteEndpoint handleCancellation
WARNING: Unmatched cancel notification for request id 165
2020.10.28 10:26:17 WARN  no build target for: C:\Users\rjds_\Documents\GitHub\BigData\Practices and homeworks\Practice 2\P2_File1.scala
2020.10.28 10:26:17 WARN  no build target for: C:\Users\rjds_\Documents\GitHub\BigData\Practices and homeworks\Practice 2\P2_File2.scala
2020.10.28 10:26:18 WARN  no build target for: C:\Users\rjds_\Documents\GitHub\BigData\Practices and homeworks\Practice 2\P2_File3.scala
2020.10.28 10:26:19 WARN  no build target for: C:\Users\rjds_\Documents\GitHub\BigData\Practices and homeworks\Practice 1\File1.scala
2020.10.28 10:26:19 WARN  no build target for: C:\Users\rjds_\Documents\GitHub\BigData\Practices and homeworks\Practice 1\File2.scala
2020.10.28 10:26:19 WARN  no build target for: C:\Users\rjds_\Documents\GitHub\BigData\Practices and homeworks\Practice 1\File3.scala
2020.10.28 10:26:20 WARN  no build target for: C:\Users\rjds_\Documents\GitHub\BigData\Practices and homeworks\Practice 1\File4.scala
2020.10.28 10:26:20 WARN  no build target for: C:\Users\rjds_\Documents\GitHub\BigData\Practices and homeworks\Practice 1\File5.scala
2020.10.28 10:26:22 WARN  no build target for: C:\Users\rjds_\Documents\GitHub\BigData\Practices and homeworks\Practice 4\Practica3_Fibonacci.scala
2020.10.28 10:26:22 WARN  no build target for: C:\Users\rjds_\Documents\GitHub\BigData\Practices and homeworks\Practice 4\Practica4_Fibonacci.scala
2020.10.28 10:26:23 WARN  no build target for: C:\Users\rjds_\Documents\GitHub\BigData\Practices and homeworks\Practice 4\Practica5_Fibonacci.scala
2020.10.28 10:26:25 WARN  no build target for: C:\Users\rjds_\Documents\GitHub\BigData\Practices and homeworks\Practice 5\Practice_5.scala
2020.10.28 10:27:02 WARN  no build target for: C:\Users\rjds_\Downloads\Practica6_Fibonacci.scala
2020.10.28 10:31:06 WARN  no build target for: C:\Users\rjds_\Documents\GitHub\BigData\Practices and homeworks\Practice 3\Practice_3.scala
2020.10.28 10:32:13 WARN  no build target for: C:\Users\rjds_\Downloads\Practice_5\Practice_5.scala
2020.10.28 10:33:51 INFO  shutting down Metals
